Connection established to port 12345
Message sent to port 12345: LIST
List operation started
Message received from port 12345: LIST 
List operation successfully completed
Message sent to port 12345: STORE small_file.jpg 4849
Store operation started for file small_file.jpg
Message received from port 12345: STORE_TO 
Controller replied to store small_file.jpg in these Dstores: 
Timeout expired while reading from port 12345
Message sent to port 12345: STORE small_file.jpg 4849
Store operation started for file small_file.jpg
Message received from port 12345: STORE_TO 
Controller replied to store small_file.jpg in these Dstores: 
Timeout expired while reading from port 12345
Message sent to port 12345: STORE small_file.jpg 4849
Store operation started for file small_file.jpg
Message received from port 12345: STORE_TO 
Controller replied to store small_file.jpg in these Dstores: 
Timeout expired while reading from port 12345
Message sent to port 12345: STORE test.txt 7
Store operation started for file test.txt
Message received from port 12345: STORE_TO 
Controller replied to store test.txt in these Dstores: 
Timeout expired while reading from port 12345
Message sent to port 12345: LIST
List operation started
Message received from port 12345: LIST 
List operation successfully completed
Message sent to port 12345: LIST
List operation started
Message received from port 12345: LIST 
List operation successfully completed
