Connection established to port 12345
Message sent to port 12345: LIST
Message sent to port 12345: LIST
Message sent to port 12345: LIST
Message sent to port 12345: LIST
Message sent to port 12345: LIST
List operation started
List operation started
List operation started
List operation started
List operation started
Message received from port 12345: LIST 
Message received from port 12345: LIST 
List operation successfully completed
Message received from port 12345: LIST 
List operation successfully completed
List operation successfully completed
ERROR: File to store does not exist (absolute path: C:\Users\henry\netwrokscw\src\small_file.jpg)
Message received from port 12345: LIST 
Message received from port 12345: LIST 
ERROR: File to store does not exist (absolute path: C:\Users\henry\netwrokscw\src\small_file.jpg)
ERROR: File to store does not exist (absolute path: C:\Users\henry\netwrokscw\src\small_file.jpg)
List operation successfully completed
List operation successfully completed
ERROR: File to store does not exist (absolute path: C:\Users\henry\netwrokscw\src\small_file.jpg)
ERROR: File to store does not exist (absolute path: C:\Users\henry\netwrokscw\src\small_file.jpg)
