Connection established to port 12345
Message sent to port 12345: LIST
Message sent to port 12345: LIST
List operation started
Message sent to port 12345: LIST
Message sent to port 12345: LIST
Message sent to port 12345: LIST
List operation started
List operation started
Message received from port 12345: LIST 
List operation started
List operation successfully completed
Message received from port 12345: LIST 
Message received from port 12345: LIST 
List operation started
List operation successfully completed
List operation successfully completed
Message received from port 12345: LIST 
Message received from port 12345: LIST 
List operation successfully completed
List operation successfully completed
Message sent to port 12345: STORE test.txt 7
Message sent to port 12345: STORE test.txt 7
Message sent to port 12345: STORE test.txt 7
Message sent to port 12345: STORE test.txt 7
Store operation started for file test.txt
Message sent to port 12345: STORE test.txt 7
Store operation started for file test.txt
Store operation started for file test.txt
Store operation started for file test.txt
Store operation started for file test.txt
Message received from port 12345: STORE_TO 
Controller replied to store test.txt in these Dstores: 
Message received from port 12345: STORE_TO 
Controller replied to store test.txt in these Dstores: 
Timeout expired while reading from port 12345
Timeout expired while reading from port 12345
Message sent to port 12345: STORE test.txt 7
Store operation started for file test.txt
Timeout expired while reading from port 12345
Timeout expired while reading from port 12345
Message sent to port 12345: STORE test.txt 7
Store operation started for file test.txt
Message sent to port 12345: STORE test.txt 7
Store operation started for file test.txt
Message sent to port 12345: STORE test.txt 7
Store operation started for file test.txt
Timeout expired while reading from port 12345
Message received from port 12345: STORE_TO 
Controller replied to store test.txt in these Dstores: 
Message sent to port 12345: STORE test.txt 7
Store operation started for file test.txt
Timeout expired while reading from port 12345
Timeout expired while reading from port 12345
Message sent to port 12345: STORE test.txt 7
Store operation started for file test.txt
Message sent to port 12345: STORE test.txt 7
Store operation started for file test.txt
Timeout expired while reading from port 12345
Message sent to port 12345: STORE test.txt 7
Store operation started for file test.txt
Timeout expired while reading from port 12345
Message sent to port 12345: STORE test.txt 7
Store operation started for file test.txt
Timeout expired while reading from port 12345
Message received from port 12345: STORE_TO 
Controller replied to store test.txt in these Dstores: 
Message sent to port 12345: STORE test.txt 7
Store operation started for file test.txt
Timeout expired while reading from port 12345
Message sent to port 12345: STORE test2.txt 0
Store operation started for file test2.txt
Timeout expired while reading from port 12345
Message sent to port 12345: STORE test2.txt 0
Store operation started for file test2.txt
Timeout expired while reading from port 12345
Message sent to port 12345: STORE test2.txt 0
Store operation started for file test2.txt
Timeout expired while reading from port 12345
Timeout expired while reading from port 12345
Message received from port 12345: STORE_TO 
Controller replied to store test2.txt in these Dstores: 
Message sent to port 12345: STORE test2.txt 0
Store operation started for file test2.txt
Message sent to port 12345: STORE test2.txt 0
Store operation started for file test2.txt
Timeout expired while reading from port 12345
Message sent to port 12345: LIST
List operation started
Timeout expired while reading from port 12345
Message sent to port 12345: LIST
List operation started
Timeout expired while reading from port 12345
Message received from port 12345: STORE_TO 
Controller replied to store test2.txt in these Dstores: 
Message sent to port 12345: LIST
List operation started
Timeout expired while reading from port 12345
Message sent to port 12345: LIST
List operation started
Timeout expired while reading from port 12345
List operation failed
Message sent to port 12345: LIST
List operation started
Timeout expired while reading from port 12345
List operation failed
Message sent to port 12345: LIST
List operation started
Timeout expired while reading from port 12345
Timeout expired while reading from port 12345
List operation failed
Message sent to port 12345: LIST
List operation started
Message received from port 12345: STORE_TO 
ERROR: Connection closed by the Controller
List operation failed
Message sent to port 12345: LIST
List operation started
Timeout expired while reading from port 12345
List operation failed
Message sent to port 12345: LIST
List operation started
Timeout expired while reading from port 12345
List operation failed
Timeout expired while reading from port 12345
List operation failed
Message sent to port 12345: LIST
List operation started
Message received from port 12345: STORE_TO 
ERROR: Connection closed by the Controller
List operation failed
Timeout expired while reading from port 12345
List operation failed
Timeout expired while reading from port 12345
List operation failed
