Connection established to port 12345
Message sent to port 12345: LIST
Message sent to port 12345: LIST
Message sent to port 12345: LIST
List operation started
Message sent to port 12345: LIST
List operation started
Message sent to port 12345: LIST
List operation started
List operation started
List operation started
Message received from port 12345: LIST 
List operation successfully completed
Message sent to port 12345: STORE small_file.jpg 4849
Store operation started for file small_file.jpg
Message received from port 12345: LIST 
List operation successfully completed
Message received from port 12345: LIST 
Message sent to port 12345: STORE small_file.jpg 4849
Message received from port 12345: LIST 
List operation successfully completed
List operation successfully completed
Message received from port 12345: LIST 
Store operation started for file small_file.jpg
List operation successfully completed
Message sent to port 12345: STORE small_file.jpg 4849
Message sent to port 12345: STORE small_file.jpg 4849
Store operation started for file small_file.jpg
Message sent to port 12345: STORE small_file.jpg 4849
Store operation started for file small_file.jpg
Store operation started for file small_file.jpg
Message received from port 12345: STORE_TO 5678 
Controller replied to store small_file.jpg in these Dstores: 5678 
Connection established to port 5678
Message sent to port 5678: STORE small_file.jpg 4849
Storing file small_file.jpg to Dstore 5678
Message received from port 5678: ACK
ACK received from Dstore 5678 to store file small_file.jpg
Store of file small_file.jpg to Dstore 5678 successfully completed
Message received from port 12345: STORE_COMPLETE
Store operation for file small_file.jpg completed
Timeout expired while reading from port 12345
Timeout expired while reading from port 12345
Timeout expired while reading from port 12345
Timeout expired while reading from port 12345
