Connection established to port 12345
Message sent to port 12345: LIST
List operation started
Message received from port 12345: LIST 
List operation successfully completed
Message sent to port 12345: STORE small_file.jpg 4849
Store operation started for file small_file.jpg
Timeout expired while reading from port 12345
Message sent to port 12345: STORE small_file.jpg 4849
Store operation started for file small_file.jpg
Timeout expired while reading from port 12345
Message sent to port 12345: STORE small_file.jpg 4849
Store operation started for file small_file.jpg
Timeout expired while reading from port 12345
Message sent to port 12345: STORE test.txt 7
Store operation started for file test.txt
Timeout expired while reading from port 12345
Message sent to port 12345: LIST
List operation started
Timeout expired while reading from port 12345
List operation failed
Message sent to port 12345: LIST
List operation started
Timeout expired while reading from port 12345
List operation failed
